status file for recon-all
Sun Dec 31 15:54:38 UTC 2017
#@# MotionCor Sun Dec 31 15:54:48 UTC 2017
#@# Talairach Sun Dec 31 15:55:13 UTC 2017
#@# Talairach Failure Detection Sun Dec 31 16:01:57 UTC 2017
#@# Nu Intensity Correction Sun Dec 31 16:01:57 UTC 2017
#@# Intensity Normalization Sun Dec 31 16:12:44 UTC 2017
#@# Skull Stripping Sun Dec 31 16:16:51 UTC 2017
#@# EM Registration Sun Dec 31 16:54:52 UTC 2017
#@# CA Normalize Sun Dec 31 17:30:33 UTC 2017
#@# CA Reg Sun Dec 31 17:33:35 UTC 2017
#@# SubCort Seg Mon Jan  1 00:07:35 UTC 2018
#@# Merge ASeg Mon Jan  1 02:56:39 UTC 2018
#@# Intensity Normalization2 Mon Jan  1 02:56:39 UTC 2018
#@# Mask BFS Mon Jan  1 03:05:07 UTC 2018
#@# WM Segmentation Mon Jan  1 03:05:13 UTC 2018
#@# Fill Mon Jan  1 03:11:09 UTC 2018
#@# Tessellate lh Mon Jan  1 03:13:05 UTC 2018
#@# Tessellate rh Mon Jan  1 03:13:21 UTC 2018
#@# Smooth1 lh Mon Jan  1 03:13:35 UTC 2018
#@# Smooth1 rh Mon Jan  1 03:13:46 UTC 2018
#@# Inflation1 lh Mon Jan  1 03:13:56 UTC 2018
#@# Inflation1 rh Mon Jan  1 03:15:06 UTC 2018
#@# QSphere lh Mon Jan  1 03:16:18 UTC 2018
#@# QSphere rh Mon Jan  1 03:23:10 UTC 2018
#@# Fix Topology Copy lh Mon Jan  1 03:30:35 UTC 2018
#@# Fix Topology Copy rh Mon Jan  1 03:30:35 UTC 2018
#@# Fix Topology lh Mon Jan  1 03:30:35 UTC 2018
#@# Fix Topology rh Mon Jan  1 05:03:45 UTC 2018
#@# Make White Surf lh Mon Jan  1 06:37:49 UTC 2018
#@# Make White Surf rh Mon Jan  1 06:46:45 UTC 2018
#@# Smooth2 lh Mon Jan  1 06:55:00 UTC 2018
#@# Smooth2 rh Mon Jan  1 06:55:09 UTC 2018
#@# Inflation2 lh Mon Jan  1 06:55:18 UTC 2018
#@# Inflation2 rh Mon Jan  1 06:56:32 UTC 2018
#@# Curv .H and .K lh Mon Jan  1 06:57:42 UTC 2018
#@# Curv .H and .K rh Mon Jan  1 07:00:07 UTC 2018
#@# Curvature Stats lh Mon Jan  1 07:02:28 UTC 2018
#@# Curvature Stats rh Mon Jan  1 07:02:35 UTC 2018
#@# Sphere lh Mon Jan  1 07:02:42 UTC 2018
#@# Sphere rh Mon Jan  1 07:54:34 UTC 2018
#@# Surf Reg lh Mon Jan  1 08:48:22 UTC 2018
#@# Surf Reg rh Mon Jan  1 10:22:48 UTC 2018
#@# Jacobian white lh Mon Jan  1 11:45:10 UTC 2018
#@# Jacobian white rh Mon Jan  1 11:45:14 UTC 2018
#@# AvgCurv lh Mon Jan  1 11:45:17 UTC 2018
#@# AvgCurv rh Mon Jan  1 11:45:20 UTC 2018
#@# Cortical Parc lh Mon Jan  1 11:45:23 UTC 2018
#@# Cortical Parc rh Mon Jan  1 11:45:52 UTC 2018
#@# Make Pial Surf lh Mon Jan  1 11:46:22 UTC 2018
#@# Make Pial Surf rh Mon Jan  1 12:13:11 UTC 2018
#@# Surf Volume lh Mon Jan  1 12:40:36 UTC 2018
#@# Surf Volume rh Mon Jan  1 12:40:42 UTC 2018
#@# Cortical ribbon mask Mon Jan  1 12:40:47 UTC 2018
#@# Parcellation Stats lh Mon Jan  1 13:01:27 UTC 2018
#@# Parcellation Stats rh Mon Jan  1 13:04:08 UTC 2018
#@# Cortical Parc 2 lh Mon Jan  1 13:06:46 UTC 2018
#@# Cortical Parc 2 rh Mon Jan  1 13:07:24 UTC 2018
#@# Parcellation Stats 2 lh Mon Jan  1 13:08:03 UTC 2018
#@# Parcellation Stats 2 rh Mon Jan  1 13:09:26 UTC 2018
#@# Cortical Parc 3 lh Mon Jan  1 13:10:49 UTC 2018
#@# Cortical Parc 3 rh Mon Jan  1 13:11:20 UTC 2018
#@# Parcellation Stats 3 lh Mon Jan  1 13:11:48 UTC 2018
#@# Parcellation Stats 3 rh Mon Jan  1 13:13:09 UTC 2018
#@# WM/GM Contrast lh Mon Jan  1 13:14:28 UTC 2018
#@# WM/GM Contrast rh Mon Jan  1 13:14:40 UTC 2018
#@# Relabel Hypointensities Mon Jan  1 13:14:53 UTC 2018
#@# AParc-to-ASeg aparc Mon Jan  1 13:15:46 UTC 2018
#@# AParc-to-ASeg a2009s Mon Jan  1 13:25:25 UTC 2018
#@# AParc-to-ASeg DKTatlas Mon Jan  1 13:35:17 UTC 2018
#@# APas-to-ASeg Mon Jan  1 13:45:13 UTC 2018
#@# ASeg Stats Mon Jan  1 13:45:29 UTC 2018
#@# WMParc Mon Jan  1 13:55:10 UTC 2018
#@# BA_exvivo Labels lh Mon Jan  1 14:19:17 UTC 2018
#@# BA_exvivo Labels rh Mon Jan  1 14:28:32 UTC 2018
recon-all -s 3201 finished without error at Mon Jan  1 14:37:27 UTC 2018
