status file for recon-all
Sun Dec 31 16:03:47 UTC 2017
#@# MotionCor Sun Dec 31 16:04:00 UTC 2017
#@# Talairach Sun Dec 31 16:04:29 UTC 2017
#@# Talairach Failure Detection Sun Dec 31 16:13:46 UTC 2017
#@# Nu Intensity Correction Sun Dec 31 16:13:46 UTC 2017
#@# Intensity Normalization Sun Dec 31 16:18:24 UTC 2017
#@# Skull Stripping Sun Dec 31 16:22:40 UTC 2017
#@# EM Registration Sun Dec 31 17:00:49 UTC 2017
#@# CA Normalize Sun Dec 31 17:38:24 UTC 2017
#@# CA Reg Sun Dec 31 17:41:28 UTC 2017
#@# SubCort Seg Sun Dec 31 23:39:22 UTC 2017
#@# Merge ASeg Mon Jan  1 02:30:28 UTC 2018
#@# Intensity Normalization2 Mon Jan  1 02:30:28 UTC 2018
#@# Mask BFS Mon Jan  1 02:38:41 UTC 2018
#@# WM Segmentation Mon Jan  1 02:38:46 UTC 2018
#@# Fill Mon Jan  1 02:44:42 UTC 2018
#@# Tessellate lh Mon Jan  1 02:46:34 UTC 2018
#@# Tessellate rh Mon Jan  1 02:46:49 UTC 2018
#@# Smooth1 lh Mon Jan  1 02:47:06 UTC 2018
#@# Smooth1 rh Mon Jan  1 02:47:17 UTC 2018
#@# Inflation1 lh Mon Jan  1 02:47:27 UTC 2018
#@# Inflation1 rh Mon Jan  1 02:48:45 UTC 2018
#@# QSphere lh Mon Jan  1 02:50:02 UTC 2018
#@# QSphere rh Mon Jan  1 02:58:01 UTC 2018
#@# Fix Topology Copy lh Mon Jan  1 03:05:17 UTC 2018
#@# Fix Topology Copy rh Mon Jan  1 03:05:18 UTC 2018
#@# Fix Topology lh Mon Jan  1 03:05:18 UTC 2018
#@# Fix Topology rh Mon Jan  1 04:40:15 UTC 2018
#@# Make White Surf lh Mon Jan  1 06:12:43 UTC 2018
#@# Make White Surf rh Mon Jan  1 06:22:01 UTC 2018
#@# Smooth2 lh Mon Jan  1 06:31:35 UTC 2018
#@# Smooth2 rh Mon Jan  1 06:31:45 UTC 2018
#@# Inflation2 lh Mon Jan  1 06:31:55 UTC 2018
#@# Inflation2 rh Mon Jan  1 06:33:06 UTC 2018
#@# Curv .H and .K lh Mon Jan  1 06:34:11 UTC 2018
#@# Curv .H and .K rh Mon Jan  1 06:36:44 UTC 2018
#@# Curvature Stats lh Mon Jan  1 06:39:15 UTC 2018
#@# Curvature Stats rh Mon Jan  1 06:39:22 UTC 2018
#@# Sphere lh Mon Jan  1 06:39:30 UTC 2018
#@# Sphere rh Mon Jan  1 08:16:07 UTC 2018
#@# Surf Reg lh Mon Jan  1 09:57:01 UTC 2018
#@# Surf Reg rh Mon Jan  1 11:38:02 UTC 2018
#@# Jacobian white lh Mon Jan  1 13:13:36 UTC 2018
#@# Jacobian white rh Mon Jan  1 13:13:39 UTC 2018
#@# AvgCurv lh Mon Jan  1 13:13:44 UTC 2018
#@# AvgCurv rh Mon Jan  1 13:13:47 UTC 2018
#@# Cortical Parc lh Mon Jan  1 13:13:50 UTC 2018
#@# Cortical Parc rh Mon Jan  1 13:14:18 UTC 2018
#@# Make Pial Surf lh Mon Jan  1 13:14:44 UTC 2018
#@# Make Pial Surf rh Mon Jan  1 13:43:29 UTC 2018
#@# Surf Volume lh Mon Jan  1 14:11:20 UTC 2018
#@# Surf Volume rh Mon Jan  1 14:11:26 UTC 2018
#@# Cortical ribbon mask Mon Jan  1 14:11:32 UTC 2018
#@# Parcellation Stats lh Mon Jan  1 14:31:34 UTC 2018
#@# Parcellation Stats rh Mon Jan  1 14:34:18 UTC 2018
#@# Cortical Parc 2 lh Mon Jan  1 14:36:55 UTC 2018
#@# Cortical Parc 2 rh Mon Jan  1 14:37:31 UTC 2018
#@# Parcellation Stats 2 lh Mon Jan  1 14:38:09 UTC 2018
#@# Parcellation Stats 2 rh Mon Jan  1 14:39:37 UTC 2018
#@# Cortical Parc 3 lh Mon Jan  1 14:41:00 UTC 2018
#@# Cortical Parc 3 rh Mon Jan  1 14:41:30 UTC 2018
#@# Parcellation Stats 3 lh Mon Jan  1 14:42:01 UTC 2018
#@# Parcellation Stats 3 rh Mon Jan  1 14:43:20 UTC 2018
#@# WM/GM Contrast lh Mon Jan  1 14:44:42 UTC 2018
#@# WM/GM Contrast rh Mon Jan  1 14:44:58 UTC 2018
#@# Relabel Hypointensities Mon Jan  1 14:45:13 UTC 2018
#@# AParc-to-ASeg aparc Mon Jan  1 14:46:04 UTC 2018
#@# AParc-to-ASeg a2009s Mon Jan  1 14:56:33 UTC 2018
#@# AParc-to-ASeg DKTatlas Mon Jan  1 15:06:28 UTC 2018
#@# APas-to-ASeg Mon Jan  1 15:16:15 UTC 2018
#@# ASeg Stats Mon Jan  1 15:16:31 UTC 2018
#@# WMParc Mon Jan  1 15:23:39 UTC 2018
#@# BA_exvivo Labels lh Mon Jan  1 15:43:00 UTC 2018
#@# BA_exvivo Labels rh Mon Jan  1 15:51:18 UTC 2018
recon-all -s 3207 finished without error at Mon Jan  1 15:59:41 UTC 2018
