status file for recon-all
Sun Dec 31 15:55:11 UTC 2017
#@# MotionCor Sun Dec 31 15:55:23 UTC 2017
#@# Talairach Sun Dec 31 15:55:46 UTC 2017
#@# Talairach Failure Detection Sun Dec 31 16:00:52 UTC 2017
#@# Nu Intensity Correction Sun Dec 31 16:00:54 UTC 2017
#@# Intensity Normalization Sun Dec 31 16:09:13 UTC 2017
#@# Skull Stripping Sun Dec 31 16:13:24 UTC 2017
#@# EM Registration Sun Dec 31 16:54:26 UTC 2017
#@# CA Normalize Sun Dec 31 17:26:46 UTC 2017
#@# CA Reg Sun Dec 31 17:29:52 UTC 2017
#@# SubCort Seg Sun Dec 31 23:32:20 UTC 2017
#@# Merge ASeg Mon Jan  1 02:31:02 UTC 2018
#@# Intensity Normalization2 Mon Jan  1 02:31:02 UTC 2018
#@# Mask BFS Mon Jan  1 02:38:54 UTC 2018
#@# WM Segmentation Mon Jan  1 02:39:00 UTC 2018
#@# Fill Mon Jan  1 02:45:32 UTC 2018
#@# Tessellate lh Mon Jan  1 02:47:21 UTC 2018
#@# Tessellate rh Mon Jan  1 02:47:40 UTC 2018
#@# Smooth1 lh Mon Jan  1 02:47:57 UTC 2018
#@# Smooth1 rh Mon Jan  1 02:48:10 UTC 2018
#@# Inflation1 lh Mon Jan  1 02:48:25 UTC 2018
#@# Inflation1 rh Mon Jan  1 02:49:58 UTC 2018
#@# QSphere lh Mon Jan  1 02:51:42 UTC 2018
#@# QSphere rh Mon Jan  1 03:00:50 UTC 2018
#@# Fix Topology Copy lh Mon Jan  1 03:10:01 UTC 2018
#@# Fix Topology Copy rh Mon Jan  1 03:10:01 UTC 2018
#@# Fix Topology lh Mon Jan  1 03:10:02 UTC 2018
#@# Fix Topology rh Mon Jan  1 06:03:20 UTC 2018
#@# Make White Surf lh Mon Jan  1 09:53:09 UTC 2018
#@# Make White Surf rh Mon Jan  1 10:04:10 UTC 2018
#@# Smooth2 lh Mon Jan  1 10:15:55 UTC 2018
#@# Smooth2 rh Mon Jan  1 10:16:09 UTC 2018
#@# Inflation2 lh Mon Jan  1 10:16:22 UTC 2018
#@# Inflation2 rh Mon Jan  1 10:17:48 UTC 2018
#@# Curv .H and .K lh Mon Jan  1 10:19:27 UTC 2018
#@# Curv .H and .K rh Mon Jan  1 10:22:41 UTC 2018
#@# Curvature Stats lh Mon Jan  1 10:25:57 UTC 2018
#@# Curvature Stats rh Mon Jan  1 10:26:06 UTC 2018
#@# Sphere lh Mon Jan  1 10:26:16 UTC 2018
#@# Sphere rh Mon Jan  1 12:34:26 UTC 2018
#@# Surf Reg lh Mon Jan  1 14:24:55 UTC 2018
#@# Surf Reg rh Mon Jan  1 16:11:46 UTC 2018
#@# Jacobian white lh Mon Jan  1 17:41:02 UTC 2018
#@# Jacobian white rh Mon Jan  1 17:41:05 UTC 2018
#@# AvgCurv lh Mon Jan  1 17:41:08 UTC 2018
#@# AvgCurv rh Mon Jan  1 17:41:11 UTC 2018
#@# Cortical Parc lh Mon Jan  1 17:41:13 UTC 2018
#@# Cortical Parc rh Mon Jan  1 17:41:37 UTC 2018
#@# Make Pial Surf lh Mon Jan  1 17:42:00 UTC 2018
#@# Make Pial Surf rh Mon Jan  1 18:07:46 UTC 2018
#@# Surf Volume lh Mon Jan  1 18:35:18 UTC 2018
#@# Surf Volume rh Mon Jan  1 18:35:23 UTC 2018
#@# Cortical ribbon mask Mon Jan  1 18:35:29 UTC 2018
#@# Parcellation Stats lh Mon Jan  1 19:01:28 UTC 2018
#@# Parcellation Stats rh Mon Jan  1 19:04:02 UTC 2018
#@# Cortical Parc 2 lh Mon Jan  1 19:06:43 UTC 2018
#@# Cortical Parc 2 rh Mon Jan  1 19:07:18 UTC 2018
#@# Parcellation Stats 2 lh Mon Jan  1 19:07:56 UTC 2018
#@# Parcellation Stats 2 rh Mon Jan  1 19:09:15 UTC 2018
#@# Cortical Parc 3 lh Mon Jan  1 19:10:38 UTC 2018
#@# Cortical Parc 3 rh Mon Jan  1 19:11:08 UTC 2018
#@# Parcellation Stats 3 lh Mon Jan  1 19:11:37 UTC 2018
#@# Parcellation Stats 3 rh Mon Jan  1 19:12:54 UTC 2018
#@# WM/GM Contrast lh Mon Jan  1 19:14:14 UTC 2018
#@# WM/GM Contrast rh Mon Jan  1 19:14:29 UTC 2018
#@# Relabel Hypointensities Mon Jan  1 19:14:43 UTC 2018
#@# AParc-to-ASeg aparc Mon Jan  1 19:15:28 UTC 2018
#@# AParc-to-ASeg a2009s Mon Jan  1 19:23:24 UTC 2018
#@# AParc-to-ASeg DKTatlas Mon Jan  1 19:31:17 UTC 2018
#@# APas-to-ASeg Mon Jan  1 19:39:08 UTC 2018
#@# ASeg Stats Mon Jan  1 19:39:19 UTC 2018
#@# WMParc Mon Jan  1 19:46:17 UTC 2018
#@# BA_exvivo Labels lh Mon Jan  1 20:02:27 UTC 2018
#@# BA_exvivo Labels rh Mon Jan  1 20:11:02 UTC 2018
recon-all -s 3205 finished without error at Mon Jan  1 20:19:44 UTC 2018
