status file for recon-all
Sun Dec 31 15:53:49 UTC 2017
#@# MotionCor Sun Dec 31 15:53:54 UTC 2017
#@# Talairach Sun Dec 31 15:54:11 UTC 2017
#@# Talairach Failure Detection Sun Dec 31 16:00:19 UTC 2017
#@# Nu Intensity Correction Sun Dec 31 16:00:19 UTC 2017
#@# Intensity Normalization Sun Dec 31 16:12:47 UTC 2017
#@# Skull Stripping Sun Dec 31 16:16:59 UTC 2017
#@# EM Registration Sun Dec 31 17:05:37 UTC 2017
#@# CA Normalize Sun Dec 31 18:00:06 UTC 2017
#@# CA Reg Sun Dec 31 18:03:30 UTC 2017
#@# SubCort Seg Mon Jan  1 00:24:01 UTC 2018
#@# Merge ASeg Mon Jan  1 02:54:35 UTC 2018
#@# Intensity Normalization2 Mon Jan  1 02:54:35 UTC 2018
#@# Mask BFS Mon Jan  1 03:02:55 UTC 2018
#@# WM Segmentation Mon Jan  1 03:03:01 UTC 2018
#@# Fill Mon Jan  1 03:09:00 UTC 2018
#@# Tessellate lh Mon Jan  1 03:10:57 UTC 2018
#@# Tessellate rh Mon Jan  1 03:11:14 UTC 2018
#@# Smooth1 lh Mon Jan  1 03:11:30 UTC 2018
#@# Smooth1 rh Mon Jan  1 03:11:42 UTC 2018
#@# Inflation1 lh Mon Jan  1 03:11:54 UTC 2018
#@# Inflation1 rh Mon Jan  1 03:13:13 UTC 2018
#@# QSphere lh Mon Jan  1 03:14:31 UTC 2018
#@# QSphere rh Mon Jan  1 03:22:49 UTC 2018
#@# Fix Topology Copy lh Mon Jan  1 03:30:50 UTC 2018
#@# Fix Topology Copy rh Mon Jan  1 03:30:50 UTC 2018
#@# Fix Topology lh Mon Jan  1 03:30:50 UTC 2018
#@# Fix Topology rh Mon Jan  1 05:27:24 UTC 2018
#@# Make White Surf lh Mon Jan  1 07:37:24 UTC 2018
#@# Make White Surf rh Mon Jan  1 07:47:38 UTC 2018
#@# Smooth2 lh Mon Jan  1 07:57:56 UTC 2018
#@# Smooth2 rh Mon Jan  1 07:58:07 UTC 2018
#@# Inflation2 lh Mon Jan  1 07:58:18 UTC 2018
#@# Inflation2 rh Mon Jan  1 07:59:42 UTC 2018
#@# Curv .H and .K lh Mon Jan  1 08:01:02 UTC 2018
#@# Curv .H and .K rh Mon Jan  1 08:03:43 UTC 2018
#@# Curvature Stats lh Mon Jan  1 08:06:25 UTC 2018
#@# Curvature Stats rh Mon Jan  1 08:06:33 UTC 2018
#@# Sphere lh Mon Jan  1 08:06:41 UTC 2018
#@# Sphere rh Mon Jan  1 09:39:24 UTC 2018
#@# Surf Reg lh Mon Jan  1 11:41:06 UTC 2018
#@# Surf Reg rh Mon Jan  1 13:21:19 UTC 2018
#@# Jacobian white lh Mon Jan  1 14:50:57 UTC 2018
#@# Jacobian white rh Mon Jan  1 14:51:01 UTC 2018
#@# AvgCurv lh Mon Jan  1 14:51:05 UTC 2018
#@# AvgCurv rh Mon Jan  1 14:51:08 UTC 2018
#@# Cortical Parc lh Mon Jan  1 14:51:11 UTC 2018
#@# Cortical Parc rh Mon Jan  1 14:51:44 UTC 2018
#@# Make Pial Surf lh Mon Jan  1 14:52:16 UTC 2018
#@# Make Pial Surf rh Mon Jan  1 15:18:56 UTC 2018
#@# Surf Volume lh Mon Jan  1 15:43:08 UTC 2018
#@# Surf Volume rh Mon Jan  1 15:43:13 UTC 2018
#@# Cortical ribbon mask Mon Jan  1 15:43:18 UTC 2018
#@# Parcellation Stats lh Mon Jan  1 16:10:17 UTC 2018
#@# Parcellation Stats rh Mon Jan  1 16:12:42 UTC 2018
#@# Cortical Parc 2 lh Mon Jan  1 16:15:05 UTC 2018
#@# Cortical Parc 2 rh Mon Jan  1 16:15:39 UTC 2018
#@# Parcellation Stats 2 lh Mon Jan  1 16:16:12 UTC 2018
#@# Parcellation Stats 2 rh Mon Jan  1 16:17:29 UTC 2018
#@# Cortical Parc 3 lh Mon Jan  1 16:18:43 UTC 2018
#@# Cortical Parc 3 rh Mon Jan  1 16:19:07 UTC 2018
#@# Parcellation Stats 3 lh Mon Jan  1 16:19:32 UTC 2018
#@# Parcellation Stats 3 rh Mon Jan  1 16:20:42 UTC 2018
#@# WM/GM Contrast lh Mon Jan  1 16:21:51 UTC 2018
#@# WM/GM Contrast rh Mon Jan  1 16:22:00 UTC 2018
#@# Relabel Hypointensities Mon Jan  1 16:22:09 UTC 2018
#@# AParc-to-ASeg aparc Mon Jan  1 16:22:52 UTC 2018
#@# AParc-to-ASeg a2009s Mon Jan  1 16:30:37 UTC 2018
#@# AParc-to-ASeg DKTatlas Mon Jan  1 16:38:28 UTC 2018
#@# APas-to-ASeg Mon Jan  1 16:46:27 UTC 2018
#@# ASeg Stats Mon Jan  1 16:46:40 UTC 2018
#@# WMParc Mon Jan  1 16:52:53 UTC 2018
#@# BA_exvivo Labels lh Mon Jan  1 17:12:07 UTC 2018
#@# BA_exvivo Labels rh Mon Jan  1 17:20:00 UTC 2018
recon-all -s 3190 finished without error at Mon Jan  1 17:27:51 UTC 2018
